-------------------------------------------------------------------------------
Test set: com.mathworks.ci.RunMATLABTestsInteg
-------------------------------------------------------------------------------
Tests run: 12, Failures: 3, Errors: 0, Skipped: 0, Time elapsed: 286.216 sec <<< FAILURE! - in com.mathworks.ci.RunMATLABTestsInteg
verifyMatrixBuildFails(com.mathworks.ci.RunMATLABTestsInteg)  Time elapsed: 29.497 sec  <<< FAILURE!
java.lang.AssertionError: 
unexpected build status; build log was:
------
Started by upstream project "test1" build number 1
originally caused by:
 Legacy code started this job.  No cause information is available
Building in workspace C:\Users\vkayithi\jenkins_project\jenkins-matlab-plugin\target\tmp\j h8713950837820521109\workspace\test1\VERSION\R2018a
[R2018a] $ cmd.exe /C C:\Users\vkayithi\jenkins_project\jenkins-matlab-plugin\target/tmp\df27028e-e30b-45f4-b118-471586d39bda\run_matlab_command.bat "exit(runMatlabTests())"
Finished: SUCCESS

------

Expected: is <FAILURE>
     but: was <SUCCESS>
	at org.hamcrest.MatcherAssert.assertThat(MatcherAssert.java:20)
	at org.junit.Assert.assertThat(Assert.java:964)
	at org.jvnet.hudson.test.JenkinsRule.assertBuildStatus(JenkinsRule.java:1328)
	at com.mathworks.ci.RunMATLABTestsInteg.verifyMatrixBuildFails(RunMATLABTestsInteg.java:260)
	at sun.reflect.NativeMethodAccessorImpl.invoke0(Native Method)
	at sun.reflect.NativeMethodAccessorImpl.invoke(NativeMethodAccessorImpl.java:62)
	at sun.reflect.DelegatingMethodAccessorImpl.invoke(DelegatingMethodAccessorImpl.java:43)
	at java.lang.reflect.Method.invoke(Method.java:498)
	at org.junit.runners.model.FrameworkMethod$1.runReflectiveCall(FrameworkMethod.java:59)
	at org.junit.internal.runners.model.ReflectiveCallable.run(ReflectiveCallable.java:12)
	at org.junit.runners.model.FrameworkMethod.invokeExplosively(FrameworkMethod.java:56)
	at org.junit.internal.runners.statements.InvokeMethod.evaluate(InvokeMethod.java:17)
	at org.junit.internal.runners.statements.RunBefores.evaluate(RunBefores.java:26)
	at org.junit.internal.runners.statements.RunAfters.evaluate(RunAfters.java:27)
	at org.jvnet.hudson.test.JenkinsRule$1.evaluate(JenkinsRule.java:597)
	at org.junit.internal.runners.statements.FailOnTimeout$CallableStatement.call(FailOnTimeout.java:288)
	at org.junit.internal.runners.statements.FailOnTimeout$CallableStatement.call(FailOnTimeout.java:282)
	at java.util.concurrent.FutureTask.run(FutureTask.java:266)
	at java.lang.Thread.run(Thread.java:748)

verifyInvalidMATLABRootError(com.mathworks.ci.RunMATLABTestsInteg)  Time elapsed: 16.076 sec  <<< FAILURE!
java.lang.AssertionError: The page does not contain the text 'Unable to find MATLAB on this machine using the specified location. The specified root folder might contain MATLAB on a different build agent.'.
	at com.gargoylesoftware.htmlunit.WebAssert.assertTextPresent(WebAssert.java:157)
	at com.mathworks.ci.RunMATLABTestsInteg.verifyInvalidMATLABRootError(RunMATLABTestsInteg.java:122)
	at sun.reflect.NativeMethodAccessorImpl.invoke0(Native Method)
	at sun.reflect.NativeMethodAccessorImpl.invoke(NativeMethodAccessorImpl.java:62)
	at sun.reflect.DelegatingMethodAccessorImpl.invoke(DelegatingMethodAccessorImpl.java:43)
	at java.lang.reflect.Method.invoke(Method.java:498)
	at org.junit.runners.model.FrameworkMethod$1.runReflectiveCall(FrameworkMethod.java:59)
	at org.junit.internal.runners.model.ReflectiveCallable.run(ReflectiveCallable.java:12)
	at org.junit.runners.model.FrameworkMethod.invokeExplosively(FrameworkMethod.java:56)
	at org.junit.internal.runners.statements.InvokeMethod.evaluate(InvokeMethod.java:17)
	at org.junit.internal.runners.statements.RunBefores.evaluate(RunBefores.java:26)
	at org.junit.internal.runners.statements.RunAfters.evaluate(RunAfters.java:27)
	at org.jvnet.hudson.test.JenkinsRule$1.evaluate(JenkinsRule.java:597)
	at org.junit.internal.runners.statements.FailOnTimeout$CallableStatement.call(FailOnTimeout.java:288)
	at org.junit.internal.runners.statements.FailOnTimeout$CallableStatement.call(FailOnTimeout.java:282)
	at java.util.concurrent.FutureTask.run(FutureTask.java:266)
	at java.lang.Thread.run(Thread.java:748)

verifyBuilderFailsForInvalidMATLABPath(com.mathworks.ci.RunMATLABTestsInteg)  Time elapsed: 13.89 sec  <<< FAILURE!
java.lang.AssertionError: 
unexpected build status; build log was:
------
Legacy code started this job.  No cause information is available
Building in workspace C:\Users\vkayithi\jenkins_project\jenkins-matlab-plugin\target\tmp\j h7771538892424324850\workspace\test0
[test0] $ cmd.exe /C C:\Users\vkayithi\jenkins_project\jenkins-matlab-plugin\target/tmp\cb6cf270-be2f-499c-855e-4f1afad04f5c\run_matlab_command.bat "exit(runMatlabTests())"
Finished: SUCCESS

------

Expected: is <FAILURE>
     but: was <SUCCESS>
	at org.hamcrest.MatcherAssert.assertThat(MatcherAssert.java:20)
	at org.junit.Assert.assertThat(Assert.java:964)
	at org.jvnet.hudson.test.JenkinsRule.assertBuildStatus(JenkinsRule.java:1328)
	at com.mathworks.ci.RunMATLABTestsInteg.verifyBuilderFailsForInvalidMATLABPath(RunMATLABTestsInteg.java:147)
	at sun.reflect.NativeMethodAccessorImpl.invoke0(Native Method)
	at sun.reflect.NativeMethodAccessorImpl.invoke(NativeMethodAccessorImpl.java:62)
	at sun.reflect.DelegatingMethodAccessorImpl.invoke(DelegatingMethodAccessorImpl.java:43)
	at java.lang.reflect.Method.invoke(Method.java:498)
	at org.junit.runners.model.FrameworkMethod$1.runReflectiveCall(FrameworkMethod.java:59)
	at org.junit.internal.runners.model.ReflectiveCallable.run(ReflectiveCallable.java:12)
	at org.junit.runners.model.FrameworkMethod.invokeExplosively(FrameworkMethod.java:56)
	at org.junit.internal.runners.statements.InvokeMethod.evaluate(InvokeMethod.java:17)
	at org.junit.internal.runners.statements.RunBefores.evaluate(RunBefores.java:26)
	at org.junit.internal.runners.statements.RunAfters.evaluate(RunAfters.java:27)
	at org.jvnet.hudson.test.JenkinsRule$1.evaluate(JenkinsRule.java:597)
	at org.junit.internal.runners.statements.FailOnTimeout$CallableStatement.call(FailOnTimeout.java:288)
	at org.junit.internal.runners.statements.FailOnTimeout$CallableStatement.call(FailOnTimeout.java:282)
	at java.util.concurrent.FutureTask.run(FutureTask.java:266)
	at java.lang.Thread.run(Thread.java:748)

