-------------------------------------------------------------------------------
Test set: com.mathworks.ci.RunMATLABCommandInteg
-------------------------------------------------------------------------------
Tests run: 1, Failures: 1, Errors: 0, Skipped: 0, Time elapsed: 8.955 sec <<< FAILURE! - in com.mathworks.ci.RunMATLABCommandInteg
verifyBuildPassesWhenMatlabCommandPasses(com.mathworks.ci.RunMATLABCommandInteg)  Time elapsed: 8.885 sec  <<< FAILURE!
java.lang.AssertionError: 
unexpected build status; build log was:
------
Legacy code started this job.  No cause information is available
Building in workspace C:\Users\vkayithi\jenkins_project\jenkins-matlab-plugin\target\tmp\j h4187499372499203274\workspace\test0
Error finding MATLAB release for given MATLAB root. Verify MATLAB root path.
Build step 'null' changed build result to FAILURE
Finished: FAILURE

------

Expected: is <SUCCESS>
     but: was <FAILURE>
	at org.hamcrest.MatcherAssert.assertThat(MatcherAssert.java:20)
	at org.junit.Assert.assertThat(Assert.java:964)
	at org.jvnet.hudson.test.JenkinsRule.assertBuildStatus(JenkinsRule.java:1328)
	at com.mathworks.ci.RunMATLABCommandInteg.verifyBuildPassesWhenMatlabCommandPasses(RunMATLABCommandInteg.java:136)
	at sun.reflect.NativeMethodAccessorImpl.invoke0(Native Method)
	at sun.reflect.NativeMethodAccessorImpl.invoke(NativeMethodAccessorImpl.java:62)
	at sun.reflect.DelegatingMethodAccessorImpl.invoke(DelegatingMethodAccessorImpl.java:43)
	at java.lang.reflect.Method.invoke(Method.java:498)
	at org.junit.runners.model.FrameworkMethod$1.runReflectiveCall(FrameworkMethod.java:59)
	at org.junit.internal.runners.model.ReflectiveCallable.run(ReflectiveCallable.java:12)
	at org.junit.runners.model.FrameworkMethod.invokeExplosively(FrameworkMethod.java:56)
	at org.junit.internal.runners.statements.InvokeMethod.evaluate(InvokeMethod.java:17)
	at org.junit.internal.runners.statements.RunBefores.evaluate(RunBefores.java:26)
	at org.junit.internal.runners.statements.RunAfters.evaluate(RunAfters.java:27)
	at org.jvnet.hudson.test.JenkinsRule$1.evaluate(JenkinsRule.java:597)
	at org.junit.internal.runners.statements.FailOnTimeout$CallableStatement.call(FailOnTimeout.java:288)
	at org.junit.internal.runners.statements.FailOnTimeout$CallableStatement.call(FailOnTimeout.java:282)
	at java.util.concurrent.FutureTask.run(FutureTask.java:266)
	at java.lang.Thread.run(Thread.java:748)

