<?xml version="1.0" encoding="UTF-8"?>
<testsuite xmlns:xsi="http://www.w3.org/2001/XMLSchema-instance" xsi:schemaLocation="https://maven.apache.org/surefire/maven-surefire-plugin/xsd/surefire-test-report.xsd" name="com.mathworks.ci.RunMATLABTestsInteg" time="286.216" tests="12" errors="0" skipped="0" failures="3">
  <properties>
    <property name="java.runtime.name" value="Java(TM) SE Runtime Environment"/>
    <property name="sun.boot.library.path" value="C:\Program Files\Java\jdk1.8.0_202\jre\bin"/>
    <property name="java.vm.version" value="25.202-b08"/>
    <property name="java.vm.vendor" value="Oracle Corporation"/>
    <property name="maven.multiModuleProjectDirectory" value="C:\Users\vkayithi\jenkins_project\jenkins-matlab-plugin"/>
    <property name="java.vendor.url" value="http://java.oracle.com/"/>
    <property name="path.separator" value=";"/>
    <property name="guice.disable.misplaced.annotation.check" value="true"/>
    <property name="java.vm.name" value="Java HotSpot(TM) 64-Bit Server VM"/>
    <property name="file.encoding.pkg" value="sun.io"/>
    <property name="user.script" value=""/>
    <property name="user.country" value="US"/>
    <property name="sun.java.launcher" value="SUN_STANDARD"/>
    <property name="sun.os.patch.level" value=""/>
    <property name="test" value="RunMATLABTestsInteg"/>
    <property name="java.vm.specification.name" value="Java Virtual Machine Specification"/>
    <property name="user.dir" value="C:\Users\vkayithi\jenkins_project\jenkins-matlab-plugin"/>
    <property name="java.runtime.version" value="1.8.0_202-b08"/>
    <property name="java.awt.graphicsenv" value="sun.awt.Win32GraphicsEnvironment"/>
    <property name="java.endorsed.dirs" value="C:\Program Files\Java\jdk1.8.0_202\jre\lib\endorsed"/>
    <property name="os.arch" value="amd64"/>
    <property name="java.io.tmpdir" value="C:\Users\vkayithi\AppData\Local\Temp\"/>
    <property name="line.separator" value="&#10;"/>
    <property name="java.vm.specification.vendor" value="Oracle Corporation"/>
    <property name="user.variant" value=""/>
    <property name="os.name" value="Windows 10"/>
    <property name="classworlds.conf" value="C:\Users\vkayithi\Downloads\apache-maven-3.6.3\bin\..\bin\m2.conf"/>
    <property name="sun.jnu.encoding" value="Cp1252"/>
    <property name="java.library.path" value="C:\Program Files\Java\jdk1.8.0_202\bin;C:\WINDOWS\Sun\Java\bin;C:\WINDOWS\system32;C:\WINDOWS;C:\Python27\;C:\Python27\Scripts;C:\Program Files\AdoptOpenJDK\jdk-11.0.5.10-hotspot\bin;C:\Program Files (x86)\Common Files\Oracle\Java\javapath;C:\WINDOWS\system32;C:\WINDOWS;C:\WINDOWS\System32\Wbem;C:\WINDOWS\System32\WindowsPowerShell\v1.0\;C:\WINDOWS\System32\OpenSSH\;\\mathworks\hub\share\apps\BuildTools\MKSTK_9.2p3\mksnt;\\mathworks\hub\share\apps\BuildTools\1.3\win32\bin;\\mathworks\hub\share\sbtools\bin\win64;C:\Program Files\MathWorks\DevelTools\bin;C:\Program Files (x86)\Intel\Intel(R) Management Engine Components\DAL;C:\Program Files\Intel\Intel(R) Management Engine Components\DAL;C:\Program Files\MATLAB\MATLAB Runtime\v96\runtime\win64;C:\ProgramData\MATLAB\SupportPackages\R2019a\3P.instrset\mingw_w64.instrset\bin;C:\Users\vkayithi\.dnx\bin;C:\Program Files\Microsoft DNX\Dnvm\;C:\Program Files\Microsoft SQL Server\120\Tools\Binn\;C:\Program Files\Microsoft SQL Server\130\Tools\Binn\;C:\Program Files\Perforce\;C:\Program Files\dotnet\;C:\Program Files (x86)\IncrediBuild;C:\Program Files (x86)\Interactive Intelligence\ININ Trace Initialization\;C:\Program Files (x86)\Interactive Intelligence\ICUserApps\;C:\Program Files\Interactive Intelligence\ICUserApps\;C:\Program Files\Microsoft VS Code\bin;C:\Program Files\Java\jre8\bin;C:\Program Files\Java\jdk8\bin;C:\Program Files\nodejs\;C:\ProgramData\chocolatey\bin;C:\Program Files\Docker\Docker\resources\bin;C:\ProgramData\DockerDesktop\version-bin;C:\Program Files\Git\cmd;C:\Program Files (x86)\PuTTY\;C:\Users\vkayithi\Downloads\apache-maven-3.6.3\bin;C:\Users\vkayithi\Downloads\apache-maven-3.6.3\bin;C:\Users\vkayithi\Downloads\apache-maven-3.6.3\bin;C:\Program Files\MATLAB\R2019a;C:\Program Files\MATLAB\R2019a\bin;C:\Users\vkayithi\AppData\Local\Microsoft\WindowsApps;C:\Users\vkayithi\AppData\Roaming\npm;C:\MinGW\bin;."/>
    <property name="maven.conf" value="C:\Users\vkayithi\Downloads\apache-maven-3.6.3\bin\../conf"/>
    <property name="java.specification.name" value="Java Platform API Specification"/>
    <property name="java.class.version" value="52.0"/>
    <property name="sun.management.compiler" value="HotSpot 64-Bit Tiered Compilers"/>
    <property name="os.version" value="10.0"/>
    <property name="library.jansi.path" value="C:\Users\vkayithi\Downloads\apache-maven-3.6.3\bin\..\lib\jansi-native"/>
    <property name="user.home" value="C:\Users\vkayithi"/>
    <property name="user.timezone" value="Asia/Calcutta"/>
    <property name="java.awt.printerjob" value="sun.awt.windows.WPrinterJob"/>
    <property name="java.specification.version" value="1.8"/>
    <property name="file.encoding" value="Cp1252"/>
    <property name="user.name" value="vkayithi"/>
    <property name="java.class.path" value="C:\Users\vkayithi\Downloads\apache-maven-3.6.3\bin\..\boot\plexus-classworlds-2.6.0.jar"/>
    <property name="java.vm.specification.version" value="1.8"/>
    <property name="sun.arch.data.model" value="64"/>
    <property name="java.home" value="C:\Program Files\Java\jdk1.8.0_202\jre"/>
    <property name="sun.java.command" value="org.codehaus.plexus.classworlds.launcher.Launcher -Dtest=RunMATLABTestsInteg test"/>
    <property name="java.specification.vendor" value="Oracle Corporation"/>
    <property name="user.language" value="en"/>
    <property name="awt.toolkit" value="sun.awt.windows.WToolkit"/>
    <property name="java.vm.info" value="mixed mode"/>
    <property name="java.version" value="1.8.0_202"/>
    <property name="java.ext.dirs" value="C:\Program Files\Java\jdk1.8.0_202\jre\lib\ext;C:\WINDOWS\Sun\Java\lib\ext"/>
    <property name="sun.boot.class.path" value="C:\Program Files\Java\jdk1.8.0_202\jre\lib\resources.jar;C:\Program Files\Java\jdk1.8.0_202\jre\lib\rt.jar;C:\Program Files\Java\jdk1.8.0_202\jre\lib\sunrsasign.jar;C:\Program Files\Java\jdk1.8.0_202\jre\lib\jsse.jar;C:\Program Files\Java\jdk1.8.0_202\jre\lib\jce.jar;C:\Program Files\Java\jdk1.8.0_202\jre\lib\charsets.jar;C:\Program Files\Java\jdk1.8.0_202\jre\lib\jfr.jar;C:\Program Files\Java\jdk1.8.0_202\jre\classes"/>
    <property name="sun.stderr.encoding" value="cp437"/>
    <property name="java.vendor" value="Oracle Corporation"/>
    <property name="maven.home" value="C:\Users\vkayithi\Downloads\apache-maven-3.6.3\bin\.."/>
    <property name="file.separator" value="\"/>
    <property name="java.vendor.url.bug" value="http://bugreport.sun.com/bugreport/"/>
    <property name="sun.cpu.endian" value="little"/>
    <property name="sun.io.unicode.encoding" value="UnicodeLittle"/>
    <property name="sun.stdout.encoding" value="cp437"/>
    <property name="sun.desktop" value="windows"/>
    <property name="sun.cpu.isalist" value="amd64"/>
  </properties>
  <testcase name="verifyJUnitFilePathInput" classname="com.mathworks.ci.RunMATLABTestsInteg" time="27.709"/>
  <testcase name="verifyMatrixBuildFails" classname="com.mathworks.ci.RunMATLABTestsInteg" time="29.497">
    <failure message="unexpected build status; build log was:&#10;------&#10;Started by upstream project &quot;test1&quot; build number 1&#10;originally caused by:&#10; Legacy code started this job.  No cause information is available&#10;Building in workspace C:\Users\vkayithi\jenkins_project\jenkins-matlab-plugin\target\tmp\j h8713950837820521109\workspace\test1\VERSION\R2018a&#10;[R2018a] $ cmd.exe /C C:\Users\vkayithi\jenkins_project\jenkins-matlab-plugin\target/tmp\df27028e-e30b-45f4-b118-471586d39bda\run_matlab_command.bat &quot;exit(runMatlabTests())&quot;&#10;Finished: SUCCESS&#10;&#10;------&#10;&#10;Expected: is &lt;FAILURE&gt;&#10;     but: was &lt;SUCCESS&gt;" type="java.lang.AssertionError"><![CDATA[java.lang.AssertionError: 
unexpected build status; build log was:
------
Started by upstream project "test1" build number 1
originally caused by:
 Legacy code started this job.  No cause information is available
Building in workspace C:\Users\vkayithi\jenkins_project\jenkins-matlab-plugin\target\tmp\j h8713950837820521109\workspace\test1\VERSION\R2018a
[R2018a] $ cmd.exe /C C:\Users\vkayithi\jenkins_project\jenkins-matlab-plugin\target/tmp\df27028e-e30b-45f4-b118-471586d39bda\run_matlab_command.bat "exit(runMatlabTests())"
Finished: SUCCESS

------

Expected: is <FAILURE>
     but: was <SUCCESS>
	at org.hamcrest.MatcherAssert.assertThat(MatcherAssert.java:20)
	at org.junit.Assert.assertThat(Assert.java:964)
	at org.jvnet.hudson.test.JenkinsRule.assertBuildStatus(JenkinsRule.java:1328)
	at com.mathworks.ci.RunMATLABTestsInteg.verifyMatrixBuildFails(RunMATLABTestsInteg.java:260)
	at sun.reflect.NativeMethodAccessorImpl.invoke0(Native Method)
	at sun.reflect.NativeMethodAccessorImpl.invoke(NativeMethodAccessorImpl.java:62)
	at sun.reflect.DelegatingMethodAccessorImpl.invoke(DelegatingMethodAccessorImpl.java:43)
	at java.lang.reflect.Method.invoke(Method.java:498)
	at org.junit.runners.model.FrameworkMethod$1.runReflectiveCall(FrameworkMethod.java:59)
	at org.junit.internal.runners.model.ReflectiveCallable.run(ReflectiveCallable.java:12)
	at org.junit.runners.model.FrameworkMethod.invokeExplosively(FrameworkMethod.java:56)
	at org.junit.internal.runners.statements.InvokeMethod.evaluate(InvokeMethod.java:17)
	at org.junit.internal.runners.statements.RunBefores.evaluate(RunBefores.java:26)
	at org.junit.internal.runners.statements.RunAfters.evaluate(RunAfters.java:27)
	at org.jvnet.hudson.test.JenkinsRule$1.evaluate(JenkinsRule.java:597)
	at org.junit.internal.runners.statements.FailOnTimeout$CallableStatement.call(FailOnTimeout.java:288)
	at org.junit.internal.runners.statements.FailOnTimeout$CallableStatement.call(FailOnTimeout.java:282)
	at java.util.concurrent.FutureTask.run(FutureTask.java:266)
	at java.lang.Thread.run(Thread.java:748)
]]></failure>
    <system-out><![CDATA[=== Starting verifyMatrixBuildFails(com.mathworks.ci.RunMATLABTestsInteg)
]]></system-out>
    <system-err><![CDATA[   0.014 [id=96]	INFO	o.jvnet.hudson.test.JenkinsRule#createWebServer: Running on http://localhost:58269/jenkins/
   0.044 [id=109]	INFO	jenkins.InitReactorRunner$1#onAttained: Started initialization
   0.048 [id=122]	INFO	jenkins.InitReactorRunner$1#onAttained: Listed all plugins
   0.147 [id=122]	INFO	jenkins.InitReactorRunner$1#onAttained: Prepared all plugins
   0.149 [id=122]	INFO	jenkins.InitReactorRunner$1#onAttained: Started all plugins
   0.150 [id=114]	INFO	jenkins.InitReactorRunner$1#onAttained: Augmented all extensions
   0.503 [id=117]	INFO	jenkins.InitReactorRunner$1#onAttained: Loaded all jobs
   0.515 [id=113]	INFO	jenkins.InitReactorRunner$1#onAttained: Completed initialization
  13.710 [id=133]	INFO	hudson.model.Run#execute: test1/VERSION=R2018a #1 main build action completed: SUCCESS
  26.048 [id=132]	INFO	hudson.model.Run#execute: test1/VERSION=R2018b #1 main build action completed: SUCCESS
  29.120 [id=147]	INFO	hudson.model.Run#execute: test1 #1 main build action completed: SUCCESS
  29.166 [id=96]	INFO	jenkins.model.Jenkins#cleanUp: Stopping Jenkins
  29.248 [id=96]	INFO	jenkins.model.Jenkins#cleanUp: Jenkins stopped
]]></system-err>
  </testcase>
  <testcase name="verifyPDFReportFilePathInput" classname="com.mathworks.ci.RunMATLABTestsInteg" time="20.081"/>
  <testcase name="verifyInvalidMATLABRootError" classname="com.mathworks.ci.RunMATLABTestsInteg" time="16.076">
    <failure message="The page does not contain the text &apos;Unable to find MATLAB on this machine using the specified location. The specified root folder might contain MATLAB on a different build agent.&apos;." type="java.lang.AssertionError">java.lang.AssertionError: The page does not contain the text 'Unable to find MATLAB on this machine using the specified location. The specified root folder might contain MATLAB on a different build agent.'.
	at com.gargoylesoftware.htmlunit.WebAssert.assertTextPresent(WebAssert.java:157)
	at com.mathworks.ci.RunMATLABTestsInteg.verifyInvalidMATLABRootError(RunMATLABTestsInteg.java:122)
	at sun.reflect.NativeMethodAccessorImpl.invoke0(Native Method)
	at sun.reflect.NativeMethodAccessorImpl.invoke(NativeMethodAccessorImpl.java:62)
	at sun.reflect.DelegatingMethodAccessorImpl.invoke(DelegatingMethodAccessorImpl.java:43)
	at java.lang.reflect.Method.invoke(Method.java:498)
	at org.junit.runners.model.FrameworkMethod$1.runReflectiveCall(FrameworkMethod.java:59)
	at org.junit.internal.runners.model.ReflectiveCallable.run(ReflectiveCallable.java:12)
	at org.junit.runners.model.FrameworkMethod.invokeExplosively(FrameworkMethod.java:56)
	at org.junit.internal.runners.statements.InvokeMethod.evaluate(InvokeMethod.java:17)
	at org.junit.internal.runners.statements.RunBefores.evaluate(RunBefores.java:26)
	at org.junit.internal.runners.statements.RunAfters.evaluate(RunAfters.java:27)
	at org.jvnet.hudson.test.JenkinsRule$1.evaluate(JenkinsRule.java:597)
	at org.junit.internal.runners.statements.FailOnTimeout$CallableStatement.call(FailOnTimeout.java:288)
	at org.junit.internal.runners.statements.FailOnTimeout$CallableStatement.call(FailOnTimeout.java:282)
	at java.util.concurrent.FutureTask.run(FutureTask.java:266)
	at java.lang.Thread.run(Thread.java:748)
</failure>
    <system-out><![CDATA[=== Starting verifyInvalidMATLABRootError(com.mathworks.ci.RunMATLABTestsInteg)
]]></system-out>
    <system-err><![CDATA[   0.013 [id=231]	INFO	o.jvnet.hudson.test.JenkinsRule#createWebServer: Running on http://localhost:58329/jenkins/
   0.037 [id=244]	INFO	jenkins.InitReactorRunner$1#onAttained: Started initialization
   0.039 [id=258]	INFO	jenkins.InitReactorRunner$1#onAttained: Listed all plugins
   0.133 [id=266]	INFO	jenkins.InitReactorRunner$1#onAttained: Prepared all plugins
   0.135 [id=266]	INFO	jenkins.InitReactorRunner$1#onAttained: Started all plugins
   0.137 [id=258]	INFO	jenkins.InitReactorRunner$1#onAttained: Augmented all extensions
   0.935 [id=258]	INFO	jenkins.InitReactorRunner$1#onAttained: Loaded all jobs
   0.944 [id=255]	INFO	jenkins.InitReactorRunner$1#onAttained: Completed initialization
  15.898 [id=231]	INFO	jenkins.model.Jenkins#cleanUp: Stopping Jenkins
  15.913 [id=231]	INFO	jenkins.model.Jenkins#cleanUp: Jenkins stopped
]]></system-err>
  </testcase>
  <testcase name="verifyBuildStepWithMatlabTestBuilder" classname="com.mathworks.ci.RunMATLABTestsInteg" time="0.629"/>
  <testcase name="verifySTMResultsFilePathInput" classname="com.mathworks.ci.RunMATLABTestsInteg" time="18.353"/>
  <testcase name="verifyMATLABEmptyRootError" classname="com.mathworks.ci.RunMATLABTestsInteg" time="15.69"/>
  <testcase name="verifyTAPTestFilePathInput" classname="com.mathworks.ci.RunMATLABTestsInteg" time="17.783"/>
  <testcase name="verifyBuilderFailsForInvalidMATLABPath" classname="com.mathworks.ci.RunMATLABTestsInteg" time="13.89">
    <failure message="unexpected build status; build log was:&#10;------&#10;Legacy code started this job.  No cause information is available&#10;Building in workspace C:\Users\vkayithi\jenkins_project\jenkins-matlab-plugin\target\tmp\j h7771538892424324850\workspace\test0&#10;[test0] $ cmd.exe /C C:\Users\vkayithi\jenkins_project\jenkins-matlab-plugin\target/tmp\cb6cf270-be2f-499c-855e-4f1afad04f5c\run_matlab_command.bat &quot;exit(runMatlabTests())&quot;&#10;Finished: SUCCESS&#10;&#10;------&#10;&#10;Expected: is &lt;FAILURE&gt;&#10;     but: was &lt;SUCCESS&gt;" type="java.lang.AssertionError"><![CDATA[java.lang.AssertionError: 
unexpected build status; build log was:
------
Legacy code started this job.  No cause information is available
Building in workspace C:\Users\vkayithi\jenkins_project\jenkins-matlab-plugin\target\tmp\j h7771538892424324850\workspace\test0
[test0] $ cmd.exe /C C:\Users\vkayithi\jenkins_project\jenkins-matlab-plugin\target/tmp\cb6cf270-be2f-499c-855e-4f1afad04f5c\run_matlab_command.bat "exit(runMatlabTests())"
Finished: SUCCESS

------

Expected: is <FAILURE>
     but: was <SUCCESS>
	at org.hamcrest.MatcherAssert.assertThat(MatcherAssert.java:20)
	at org.junit.Assert.assertThat(Assert.java:964)
	at org.jvnet.hudson.test.JenkinsRule.assertBuildStatus(JenkinsRule.java:1328)
	at com.mathworks.ci.RunMATLABTestsInteg.verifyBuilderFailsForInvalidMATLABPath(RunMATLABTestsInteg.java:147)
	at sun.reflect.NativeMethodAccessorImpl.invoke0(Native Method)
	at sun.reflect.NativeMethodAccessorImpl.invoke(NativeMethodAccessorImpl.java:62)
	at sun.reflect.DelegatingMethodAccessorImpl.invoke(DelegatingMethodAccessorImpl.java:43)
	at java.lang.reflect.Method.invoke(Method.java:498)
	at org.junit.runners.model.FrameworkMethod$1.runReflectiveCall(FrameworkMethod.java:59)
	at org.junit.internal.runners.model.ReflectiveCallable.run(ReflectiveCallable.java:12)
	at org.junit.runners.model.FrameworkMethod.invokeExplosively(FrameworkMethod.java:56)
	at org.junit.internal.runners.statements.InvokeMethod.evaluate(InvokeMethod.java:17)
	at org.junit.internal.runners.statements.RunBefores.evaluate(RunBefores.java:26)
	at org.junit.internal.runners.statements.RunAfters.evaluate(RunAfters.java:27)
	at org.jvnet.hudson.test.JenkinsRule$1.evaluate(JenkinsRule.java:597)
	at org.junit.internal.runners.statements.FailOnTimeout$CallableStatement.call(FailOnTimeout.java:288)
	at org.junit.internal.runners.statements.FailOnTimeout$CallableStatement.call(FailOnTimeout.java:282)
	at java.util.concurrent.FutureTask.run(FutureTask.java:266)
	at java.lang.Thread.run(Thread.java:748)
]]></failure>
    <system-out><![CDATA[=== Starting verifyBuilderFailsForInvalidMATLABPath(com.mathworks.ci.RunMATLABTestsInteg)
]]></system-out>
    <system-err><![CDATA[   0.011 [id=538]	INFO	o.jvnet.hudson.test.JenkinsRule#createWebServer: Running on http://localhost:58448/jenkins/
   0.033 [id=551]	INFO	jenkins.InitReactorRunner$1#onAttained: Started initialization
   0.035 [id=565]	INFO	jenkins.InitReactorRunner$1#onAttained: Listed all plugins
   0.106 [id=572]	INFO	jenkins.InitReactorRunner$1#onAttained: Prepared all plugins
   0.109 [id=572]	INFO	jenkins.InitReactorRunner$1#onAttained: Started all plugins
   0.111 [id=551]	INFO	jenkins.InitReactorRunner$1#onAttained: Augmented all extensions
   0.345 [id=553]	INFO	jenkins.InitReactorRunner$1#onAttained: Loaded all jobs
   0.361 [id=573]	INFO	jenkins.InitReactorRunner$1#onAttained: Completed initialization
  13.666 [id=575]	INFO	hudson.model.Run#execute: test0 #1 main build action completed: SUCCESS
  13.681 [id=538]	INFO	jenkins.model.Jenkins#cleanUp: Stopping Jenkins
  13.762 [id=538]	INFO	jenkins.model.Jenkins#cleanUp: Jenkins stopped
]]></system-err>
  </testcase>
  <testcase name="verifyMatrixBuildPasses" classname="com.mathworks.ci.RunMATLABTestsInteg" time="6.151"/>
  <testcase name="verifyModelCoverageFilePathInput" classname="com.mathworks.ci.RunMATLABTestsInteg" time="18.066"/>
  <testcase name="verifyCoberturaFilePathInput" classname="com.mathworks.ci.RunMATLABTestsInteg" time="102.244"/>
</testsuite>