<?xml version="1.0" encoding="UTF-8"?>
<testsuite xmlns:xsi="http://www.w3.org/2001/XMLSchema-instance" xsi:schemaLocation="https://maven.apache.org/surefire/maven-surefire-plugin/xsd/surefire-test-report.xsd" name="com.mathworks.ci.RunMATLABCommandInteg" time="8.955" tests="1" errors="0" skipped="0" failures="1">
  <properties>
    <property name="java.runtime.name" value="Java(TM) SE Runtime Environment"/>
    <property name="sun.boot.library.path" value="C:\Program Files\Java\jdk1.8.0_202\jre\bin"/>
    <property name="java.vm.version" value="25.202-b08"/>
    <property name="java.vm.vendor" value="Oracle Corporation"/>
    <property name="maven.multiModuleProjectDirectory" value="C:\Users\vkayithi\jenkins_project\jenkins-matlab-plugin"/>
    <property name="java.vendor.url" value="http://java.oracle.com/"/>
    <property name="path.separator" value=";"/>
    <property name="guice.disable.misplaced.annotation.check" value="true"/>
    <property name="java.vm.name" value="Java HotSpot(TM) 64-Bit Server VM"/>
    <property name="file.encoding.pkg" value="sun.io"/>
    <property name="user.script" value=""/>
    <property name="user.country" value="US"/>
    <property name="sun.java.launcher" value="SUN_STANDARD"/>
    <property name="sun.os.patch.level" value=""/>
    <property name="test" value="RunMATLABCommandInteg#verifyBuildPassesWhenMatlabCommandPasses"/>
    <property name="java.vm.specification.name" value="Java Virtual Machine Specification"/>
    <property name="user.dir" value="C:\Users\vkayithi\jenkins_project\jenkins-matlab-plugin"/>
    <property name="java.runtime.version" value="1.8.0_202-b08"/>
    <property name="java.awt.graphicsenv" value="sun.awt.Win32GraphicsEnvironment"/>
    <property name="java.endorsed.dirs" value="C:\Program Files\Java\jdk1.8.0_202\jre\lib\endorsed"/>
    <property name="os.arch" value="amd64"/>
    <property name="java.io.tmpdir" value="C:\Users\vkayithi\AppData\Local\Temp\"/>
    <property name="line.separator" value="&#10;"/>
    <property name="java.vm.specification.vendor" value="Oracle Corporation"/>
    <property name="user.variant" value=""/>
    <property name="os.name" value="Windows 10"/>
    <property name="classworlds.conf" value="C:\Users\vkayithi\Downloads\apache-maven-3.6.3\bin\..\bin\m2.conf"/>
    <property name="sun.jnu.encoding" value="Cp1252"/>
    <property name="java.library.path" value="C:\Program Files\Java\jdk1.8.0_202\bin;C:\WINDOWS\Sun\Java\bin;C:\WINDOWS\system32;C:\WINDOWS;C:\Python27\;C:\Python27\Scripts;C:\Program Files\AdoptOpenJDK\jdk-11.0.5.10-hotspot\bin;C:\Program Files (x86)\Common Files\Oracle\Java\javapath;C:\WINDOWS\system32;C:\WINDOWS;C:\WINDOWS\System32\Wbem;C:\WINDOWS\System32\WindowsPowerShell\v1.0\;C:\WINDOWS\System32\OpenSSH\;\\mathworks\hub\share\apps\BuildTools\MKSTK_9.2p3\mksnt;\\mathworks\hub\share\apps\BuildTools\1.3\win32\bin;\\mathworks\hub\share\sbtools\bin\win64;C:\Program Files\MathWorks\DevelTools\bin;C:\Program Files (x86)\Intel\Intel(R) Management Engine Components\DAL;C:\Program Files\Intel\Intel(R) Management Engine Components\DAL;C:\Program Files\MATLAB\MATLAB Runtime\v96\runtime\win64;C:\ProgramData\MATLAB\SupportPackages\R2019a\3P.instrset\mingw_w64.instrset\bin;C:\Users\vkayithi\.dnx\bin;C:\Program Files\Microsoft DNX\Dnvm\;C:\Program Files\Microsoft SQL Server\120\Tools\Binn\;C:\Program Files\Microsoft SQL Server\130\Tools\Binn\;C:\Program Files\Perforce\;C:\Program Files\dotnet\;C:\Program Files (x86)\IncrediBuild;C:\Program Files (x86)\Interactive Intelligence\ININ Trace Initialization\;C:\Program Files (x86)\Interactive Intelligence\ICUserApps\;C:\Program Files\Interactive Intelligence\ICUserApps\;C:\Program Files\Microsoft VS Code\bin;C:\Program Files\Java\jre8\bin;C:\Program Files\Java\jdk8\bin;C:\Program Files\nodejs\;C:\ProgramData\chocolatey\bin;C:\Program Files\Docker\Docker\resources\bin;C:\ProgramData\DockerDesktop\version-bin;C:\Program Files\Git\cmd;C:\Program Files (x86)\PuTTY\;C:\Users\vkayithi\Downloads\apache-maven-3.6.3\bin;C:\Users\vkayithi\Downloads\apache-maven-3.6.3\bin;C:\Users\vkayithi\Downloads\apache-maven-3.6.3\bin;C:\Program Files\MATLAB\R2019a;C:\Program Files\MATLAB\R2019a\bin;C:\Users\vkayithi\AppData\Local\Microsoft\WindowsApps;C:\Users\vkayithi\AppData\Roaming\npm;C:\MinGW\bin;."/>
    <property name="maven.conf" value="C:\Users\vkayithi\Downloads\apache-maven-3.6.3\bin\../conf"/>
    <property name="java.specification.name" value="Java Platform API Specification"/>
    <property name="java.class.version" value="52.0"/>
    <property name="sun.management.compiler" value="HotSpot 64-Bit Tiered Compilers"/>
    <property name="os.version" value="10.0"/>
    <property name="library.jansi.path" value="C:\Users\vkayithi\Downloads\apache-maven-3.6.3\bin\..\lib\jansi-native"/>
    <property name="user.home" value="C:\Users\vkayithi"/>
    <property name="user.timezone" value="Asia/Calcutta"/>
    <property name="java.awt.printerjob" value="sun.awt.windows.WPrinterJob"/>
    <property name="java.specification.version" value="1.8"/>
    <property name="file.encoding" value="Cp1252"/>
    <property name="user.name" value="vkayithi"/>
    <property name="java.class.path" value="C:\Users\vkayithi\Downloads\apache-maven-3.6.3\bin\..\boot\plexus-classworlds-2.6.0.jar"/>
    <property name="java.vm.specification.version" value="1.8"/>
    <property name="sun.arch.data.model" value="64"/>
    <property name="java.home" value="C:\Program Files\Java\jdk1.8.0_202\jre"/>
    <property name="sun.java.command" value="org.codehaus.plexus.classworlds.launcher.Launcher -Dtest=RunMATLABCommandInteg#verifyBuildPassesWhenMatlabCommandPasses test"/>
    <property name="java.specification.vendor" value="Oracle Corporation"/>
    <property name="user.language" value="en"/>
    <property name="awt.toolkit" value="sun.awt.windows.WToolkit"/>
    <property name="java.vm.info" value="mixed mode"/>
    <property name="java.version" value="1.8.0_202"/>
    <property name="java.ext.dirs" value="C:\Program Files\Java\jdk1.8.0_202\jre\lib\ext;C:\WINDOWS\Sun\Java\lib\ext"/>
    <property name="sun.boot.class.path" value="C:\Program Files\Java\jdk1.8.0_202\jre\lib\resources.jar;C:\Program Files\Java\jdk1.8.0_202\jre\lib\rt.jar;C:\Program Files\Java\jdk1.8.0_202\jre\lib\sunrsasign.jar;C:\Program Files\Java\jdk1.8.0_202\jre\lib\jsse.jar;C:\Program Files\Java\jdk1.8.0_202\jre\lib\jce.jar;C:\Program Files\Java\jdk1.8.0_202\jre\lib\charsets.jar;C:\Program Files\Java\jdk1.8.0_202\jre\lib\jfr.jar;C:\Program Files\Java\jdk1.8.0_202\jre\classes"/>
    <property name="sun.stderr.encoding" value="cp437"/>
    <property name="java.vendor" value="Oracle Corporation"/>
    <property name="maven.home" value="C:\Users\vkayithi\Downloads\apache-maven-3.6.3\bin\.."/>
    <property name="file.separator" value="\"/>
    <property name="java.vendor.url.bug" value="http://bugreport.sun.com/bugreport/"/>
    <property name="sun.cpu.endian" value="little"/>
    <property name="sun.io.unicode.encoding" value="UnicodeLittle"/>
    <property name="sun.stdout.encoding" value="cp437"/>
    <property name="sun.desktop" value="windows"/>
    <property name="sun.cpu.isalist" value="amd64"/>
  </properties>
  <testcase name="verifyBuildPassesWhenMatlabCommandPasses" classname="com.mathworks.ci.RunMATLABCommandInteg" time="8.885">
    <failure message="unexpected build status; build log was:&#10;------&#10;Legacy code started this job.  No cause information is available&#10;Building in workspace C:\Users\vkayithi\jenkins_project\jenkins-matlab-plugin\target\tmp\j h4187499372499203274\workspace\test0&#10;Error finding MATLAB release for given MATLAB root. Verify MATLAB root path.&#10;Build step &apos;null&apos; changed build result to FAILURE&#10;Finished: FAILURE&#10;&#10;------&#10;&#10;Expected: is &lt;SUCCESS&gt;&#10;     but: was &lt;FAILURE&gt;" type="java.lang.AssertionError"><![CDATA[java.lang.AssertionError: 
unexpected build status; build log was:
------
Legacy code started this job.  No cause information is available
Building in workspace C:\Users\vkayithi\jenkins_project\jenkins-matlab-plugin\target\tmp\j h4187499372499203274\workspace\test0
Error finding MATLAB release for given MATLAB root. Verify MATLAB root path.
Build step 'null' changed build result to FAILURE
Finished: FAILURE

------

Expected: is <SUCCESS>
     but: was <FAILURE>
	at org.hamcrest.MatcherAssert.assertThat(MatcherAssert.java:20)
	at org.junit.Assert.assertThat(Assert.java:964)
	at org.jvnet.hudson.test.JenkinsRule.assertBuildStatus(JenkinsRule.java:1328)
	at com.mathworks.ci.RunMATLABCommandInteg.verifyBuildPassesWhenMatlabCommandPasses(RunMATLABCommandInteg.java:136)
	at sun.reflect.NativeMethodAccessorImpl.invoke0(Native Method)
	at sun.reflect.NativeMethodAccessorImpl.invoke(NativeMethodAccessorImpl.java:62)
	at sun.reflect.DelegatingMethodAccessorImpl.invoke(DelegatingMethodAccessorImpl.java:43)
	at java.lang.reflect.Method.invoke(Method.java:498)
	at org.junit.runners.model.FrameworkMethod$1.runReflectiveCall(FrameworkMethod.java:59)
	at org.junit.internal.runners.model.ReflectiveCallable.run(ReflectiveCallable.java:12)
	at org.junit.runners.model.FrameworkMethod.invokeExplosively(FrameworkMethod.java:56)
	at org.junit.internal.runners.statements.InvokeMethod.evaluate(InvokeMethod.java:17)
	at org.junit.internal.runners.statements.RunBefores.evaluate(RunBefores.java:26)
	at org.junit.internal.runners.statements.RunAfters.evaluate(RunAfters.java:27)
	at org.jvnet.hudson.test.JenkinsRule$1.evaluate(JenkinsRule.java:597)
	at org.junit.internal.runners.statements.FailOnTimeout$CallableStatement.call(FailOnTimeout.java:288)
	at org.junit.internal.runners.statements.FailOnTimeout$CallableStatement.call(FailOnTimeout.java:282)
	at java.util.concurrent.FutureTask.run(FutureTask.java:266)
	at java.lang.Thread.run(Thread.java:748)
]]></failure>
    <system-out><![CDATA[=== Starting verifyBuildPassesWhenMatlabCommandPasses(com.mathworks.ci.RunMATLABCommandInteg)
******************
*****************************

Legacy code started this job.  No cause information is available
Building in workspace C:\Users\vkayithi\jenkins_project\jenkins-matlab-plugin\target\tmp\j h4187499372499203274\workspace\test0
Error finding MATLAB release for given MATLAB root. Verify MATLAB root path.
Build step 'null' changed build result to FAILURE
Finished: FAILURE

******************
*****************************

]]></system-out>
    <system-err><![CDATA[   0.089 [id=15]	INFO	o.jvnet.hudson.test.WarExploder#explode: Picking up existing exploded jenkins.war at C:\Users\vkayithi\jenkins_project\jenkins-matlab-plugin\target\jenkins-for-test
   0.334 [id=15]	INFO	o.jvnet.hudson.test.JenkinsRule#createWebServer: Running on http://localhost:62640/jenkins/
   1.758 [id=29]	INFO	jenkins.InitReactorRunner$1#onAttained: Started initialization
   2.976 [id=28]	INFO	jenkins.InitReactorRunner$1#onAttained: Listed all plugins
   4.472 [id=49]	INFO	jenkins.InitReactorRunner$1#onAttained: Prepared all plugins
   4.481 [id=50]	INFO	jenkins.InitReactorRunner$1#onAttained: Started all plugins
   4.487 [id=45]	INFO	jenkins.InitReactorRunner$1#onAttained: Augmented all extensions
   5.453 [id=38]	INFO	jenkins.InitReactorRunner$1#onAttained: Loaded all jobs
   5.649 [id=43]	INFO	jenkins.InitReactorRunner$1#onAttained: Completed initialization
   7.662 [id=53]	INFO	hudson.model.Run#execute: test0 #1 main build action completed: FAILURE
   7.733 [id=15]	INFO	jenkins.model.Jenkins#cleanUp: Stopping Jenkins
   7.962 [id=15]	INFO	jenkins.model.Jenkins#cleanUp: Jenkins stopped
]]></system-err>
  </testcase>
</testsuite>